<?xml version="1.0" encoding="UTF-8"?>
<!-- Generated by org.testng.reporters.JUnitReportReporter -->
<testsuite hostname="CompediaPavel" failures="0" tests="8" name="com.italam.tests.Tests_API_REST" time="25.730" errors="0" timestamp="19 Aug 2018 06:38:21 GMT" skipped="0">
  <testcase classname="com.italam.tests.Tests_API_REST" name="apiTest_getOrgAdmin" time="2.600"/>
  <testcase classname="com.italam.tests.Tests_API_REST" name="apiTest_UpdateEmail" time="2.438"/>
  <testcase classname="com.italam.tests.Tests_API_REST" name="apiTest_UpdateOrgAdmin" time="2.824"/>
  <testcase classname="com.italam.tests.Tests_API_REST" name="apiTest_AllCases" time="5.191"/>
  <testcase classname="com.italam.tests.Tests_API_REST" name="apiTest_CreateOrganizationGetPassword" time="2.250"/>
  <testcase classname="com.italam.tests.Tests_API_REST" name="apiTest_getOrganizationProfile" time="2.509"/>
  <testcase classname="com.italam.tests.Tests_API_REST" name="apiTestUpdateorganizationLicensing" time="5.285"/>
  <testcase classname="com.italam.tests.Tests_API_REST" name="apiTest_getInitialDatan" time="2.633"/>
</testsuite> <!-- com.italam.tests.Tests_API_REST -->
