<?xml version="1.0" encoding="UTF-8"?>
<!-- Generated by org.testng.reporters.JUnitReportReporter -->
<testsuite skipped="0" hostname="lenovo-PC" name="com.italam.tests.Tests_API_REST_practice" tests="1" failures="0" timestamp="10 יול 2018 20:04:02 GMT" time="59.409" errors="0">
  <testcase name="apiTest_getOrganizationProfile" time="59.409" classname="com.italam.tests.Tests_API_REST_practice"/>
</testsuite> <!-- com.italam.tests.Tests_API_REST_practice -->
