<?xml version="1.0" encoding="UTF-8"?>
<!-- Generated by org.testng.reporters.JUnitReportReporter -->
<testsuite hostname="CompediaPavel" failures="0" tests="8" name="com.italam.tests.Tests_API_REST" time="24.730" errors="0" timestamp="03 Sep 2018 09:39:53 GMT" skipped="0">
  <testcase classname="com.italam.tests.Tests_API_REST" name="apiTestUpdateorganizationLicensing" time="5.319"/>
  <testcase classname="com.italam.tests.Tests_API_REST" name="apiTest_UpdateEmail" time="2.733"/>
  <testcase classname="com.italam.tests.Tests_API_REST" name="apiTest_AllCases" time="4.077"/>
  <testcase classname="com.italam.tests.Tests_API_REST" name="apiTest_UpdateOrgAdmin" time="2.835"/>
  <testcase classname="com.italam.tests.Tests_API_REST" name="apiTest_getOrgAdmin" time="2.538"/>
  <testcase classname="com.italam.tests.Tests_API_REST" name="apiTest_getInitialDatan" time="2.564"/>
  <testcase classname="com.italam.tests.Tests_API_REST" name="apiTest_getOrganizationProfile" time="2.439"/>
  <testcase classname="com.italam.tests.Tests_API_REST" name="apiTest_CreateOrganizationGetPassword" time="2.225"/>
</testsuite> <!-- com.italam.tests.Tests_API_REST -->
